<?xml version="1.0" encoding="UTF-8"?>
<!-- Generated by org.testng.reporters.JUnitReportReporter -->
<testsuite hostname="Achilles" failures="0" tests="1" name="com.coding.execution.practice.TestExecutionWithTestNG" time="2.286" errors="0" timestamp="2023-12-18T21:57:37 EST" skipped="0">
  <testcase classname="com.coding.execution.practice.TestExecutionWithTestNG" name="getTest" time="2.286"/>
</testsuite> <!-- com.coding.execution.practice.TestExecutionWithTestNG -->
