<?xml version="1.0" encoding="UTF-8"?>
<!-- Generated by org.testng.reporters.JUnitReportReporter -->
<testsuite hostname="Achilles" failures="0" tests="2" name="com.coding.execution.practice.CrossBrowserWithTestNG" time="15.079" errors="0" timestamp="2023-10-22T17:32:03 EDT" skipped="0">
  <testcase classname="com.coding.execution.practice.CrossBrowserWithTestNG" name="openBroswer" time="15.077"/>
  <testcase classname="com.coding.execution.practice.CrossBrowserWithTestNG" name="openBroswer" time="0.002"/>
</testsuite> <!-- com.coding.execution.practice.CrossBrowserWithTestNG -->
